0 info it worked if it ends with ok
1 verbose cli [
1 verbose cli   'C:\\Users\\Nazar\\AppData\\Roaming\\JetBrains\\WebStorm2020.3\\node\\node-v14.15.0-win-x64\\node.exe',
1 verbose cli   'C:\\Users\\Nazar\\AppData\\Roaming\\npm\\node_modules\\npm\\bin\\npm-cli.js',
1 verbose cli   'start',
1 verbose cli   '--no-cache'
1 verbose cli ]
2 info using npm@6.14.4
3 info using node@v14.15.0
4 verbose run-script [ 'prestart', 'start', 'poststart' ]
5 info lifecycle Lab@0.0.1~prestart: Lab@0.0.1
6 info lifecycle Lab@0.0.1~start: Lab@0.0.1
7 verbose lifecycle Lab@0.0.1~start: unsafe-perm in lifecycle true
8 verbose lifecycle Lab@0.0.1~start: PATH: C:\Users\Nazar\AppData\Roaming\npm\node_modules\npm\node_modules\npm-lifecycle\node-gyp-bin;D:\PMS\Lab\node_modules\.bin;D:\PMS\Lab\node_modules\.bin;C:\Program Files\Microsoft MPI\Bin\;C:\Users\Nazar\gcc\bin;C:\Users\Nazar\gcc\libexec\gcc\x86_64-w64-mingw32\10.2.0;C:\Python38\Scripts\;C:\Python38\;C:\Program Files (x86)\Common Files\Oracle\Java\javapath;C:\Windows\system32;C:\Windows;C:\Windows\System32\Wbem;C:\Windows\System32\WindowsPowerShell\v1.0\;C:\Windows\System32\OpenSSH\;C:\ant\bin;C:\Program Files\Java\jdk-13\bin;C:\adb;C:\Program Files\Common Files\Autodesk Shared\;C:\masm32\bin;C:\Users\Nazar\AppData\Roaming\Python\Python37\site-packages;C:\Program Files\Microsoft SQL Server\130\Tools\Binn\;C:\Program Files (x86)\NVIDIA Corporation\PhysX\Common;C:\Program Files\NVIDIA Corporation\NVIDIA NvDLISR;C:\Program Files\Git\cmd;C:\Program Files\nodejs\;C:\ProgramData\chocolatey\bin;C:\Users\Nazar\AppData\Roaming\npm;C:\Program Files (x86)\Universal Extractor;C:\Program Files (x86)\Universal Extractor\bin;C:\Program Files\MongoDB\Server\4.2\bin;C:\Program Files\wkhtmltopdf\bin;C:\Program Files\Heroku\bin;C:\Program Files\MySQL\MySQL Server 8.0\bin;c:\altera\91sp2\quartus\bin;D:\Active-HDL\bin;F:\Matlab\runtime\win64;F:\Matlab\bin;F:\Matlab\polyspace\bin;C:\phantomjs-2.1.1-windows\bin;C:\Graphviz\bin;C:\Users\Nazar\AppData\Roaming\JetBrains\WebStorm2020.3\node\node-v14.15.0-win-x64;C:\Users\Nazar\AppData\Local\Android\Sdk\platform-tools;C:\Ruby27-x64\bin;C:\Program Files\MySQL\MySQL Shell 8.0\bin\;C:\Users\Nazar\AppData\Local\Programs\Python\Python37-32\Scripts\;C:\Users\Nazar\AppData\Local\Programs\Python\Python37-32\;C:\Users\Nazar\AppData\Local\Microsoft\WindowsApps;D:\IntelliJ IDEA Community Edition 2019.2.1\bin;D:\PyCharm Community Edition 2019.2.1\bin;C:\ant\bin;C:\Program Files\Java\jdk-13\bin;C:\Program Files\JetBrains\WebStorm 2019.3.3\bin;C:\Users\Nazar\AppData\Roaming\npm;C:\Users\Nazar\AppData\Roaming\npm;C:\Program Files\MongoDB\Server\4.2\bin;C:\Program Files\wkhtmltopdf\bin;C:\Program Files\heroku\bin;C:\Program Files\MySQL\MySQL Server 8.0\bin;C:\phantomjs-2.1.1-windows\bin;C:\Python38\Lib\site-packages\graphviz;C:\Graphviz\bin;D:\WebStorm 2020.3.2\bin;;D:\JetBrains Rider 2020.3.3\bin;;D:\CLion 2020.3.3\bin;
9 verbose lifecycle Lab@0.0.1~start: CWD: D:\PMS\Lab
10 silly lifecycle Lab@0.0.1~start: Args: [ '/d /s /c', 'react-native start' ]
11 silly lifecycle Lab@0.0.1~start: Returned: code: 1  signal: null
12 info lifecycle Lab@0.0.1~start: Failed to exec start script
13 verbose stack Error: Lab@0.0.1 start: `react-native start`
13 verbose stack Exit status 1
13 verbose stack     at EventEmitter.<anonymous> (C:\Users\Nazar\AppData\Roaming\npm\node_modules\npm\node_modules\npm-lifecycle\index.js:332:16)
13 verbose stack     at EventEmitter.emit (events.js:315:20)
13 verbose stack     at ChildProcess.<anonymous> (C:\Users\Nazar\AppData\Roaming\npm\node_modules\npm\node_modules\npm-lifecycle\lib\spawn.js:55:14)
13 verbose stack     at ChildProcess.emit (events.js:315:20)
13 verbose stack     at maybeClose (internal/child_process.js:1048:16)
13 verbose stack     at Process.ChildProcess._handle.onexit (internal/child_process.js:288:5)
14 verbose pkgid Lab@0.0.1
15 verbose cwd D:\PMS\Lab
16 verbose Windows_NT 10.0.18363
17 verbose argv "C:\\Users\\Nazar\\AppData\\Roaming\\JetBrains\\WebStorm2020.3\\node\\node-v14.15.0-win-x64\\node.exe" "C:\\Users\\Nazar\\AppData\\Roaming\\npm\\node_modules\\npm\\bin\\npm-cli.js" "start" "--no-cache"
18 verbose node v14.15.0
19 verbose npm  v6.14.4
20 error code ELIFECYCLE
21 error errno 1
22 error Lab@0.0.1 start: `react-native start`
22 error Exit status 1
23 error Failed at the Lab@0.0.1 start script.
23 error This is probably not a problem with npm. There is likely additional logging output above.
24 verbose exit [ 1, true ]
